<?xml version="1.0" encoding="UTF-8"?>
<!-- Generated by org.testng.reporters.JUnitReportReporter -->
<testsuite hostname="Sakthi" failures="0" tests="1" name="org.runner.TestRunner" time="24.024" errors="0" timestamp="2024-11-15T17:11:42 IST" skipped="0">
  <testcase classname="org.runner.TestRunner" name="runScenario" time="24.024"/>
</testsuite> <!-- org.runner.TestRunner -->
