<?xml version="1.0" encoding="UTF-8"?>
<!-- Generated by org.testng.reporters.JUnitReportReporter -->
<testsuite hostname="Sakthi" failures="0" tests="1" name="org.runner.TestRunner" time="18.358" errors="0" timestamp="2024-11-16T14:54:00 IST" skipped="0">
  <testcase classname="org.runner.TestRunner" name="runScenario" time="18.358"/>
</testsuite> <!-- org.runner.TestRunner -->
