<?xml version="1.0" encoding="UTF-8"?>
<!-- Generated by org.testng.reporters.JUnitReportReporter -->
<testsuite hostname="Sakthi" failures="0" tests="1" name="org.runner.TestRunner" time="17.371" errors="0" timestamp="2024-08-04T14:44:53 IST" skipped="0">
  <testcase classname="org.runner.TestRunner" name="runScenario" time="17.371"/>
</testsuite> <!-- org.runner.TestRunner -->
